<?xml version="1.0" encoding="UTF-8"?>
<testng-results ignored="0" total="1" passed="1" failed="0" skipped="0">
  <reporter-output>
  </reporter-output>
  <suite started-at="2023-07-08T01:46:23 EDT" name="Default suite" finished-at="2023-07-08T01:46:36 EDT" duration-ms="13238">
    <groups>
    </groups>
    <test started-at="2023-07-08T01:46:23 EDT" name="Default test" finished-at="2023-07-08T01:46:36 EDT" duration-ms="13238">
      <class name="variousConcepts.LearnTestNG">
        <test-method is-config="true" signature="readConfig()[pri:0, instance:variousConcepts.LearnTestNG@25ce9dc4]" started-at="2023-07-08T01:46:23 EDT" name="readConfig" finished-at="2023-07-08T01:46:23 EDT" duration-ms="47" status="PASS">
          <reporter-output>
          </reporter-output>
        </test-method> <!-- readConfig -->
        <test-method is-config="true" signature="init()[pri:0, instance:variousConcepts.LearnTestNG@25ce9dc4]" started-at="2023-07-08T01:46:23 EDT" name="init" finished-at="2023-07-08T01:46:28 EDT" duration-ms="5229" status="PASS">
          <reporter-output>
          </reporter-output>
        </test-method> <!-- init -->
        <test-method signature="addCustomer()[pri:0, instance:variousConcepts.LearnTestNG@25ce9dc4]" started-at="2023-07-08T01:46:28 EDT" name="addCustomer" finished-at="2023-07-08T01:46:36 EDT" duration-ms="7910" status="PASS">
          <reporter-output>
          </reporter-output>
        </test-method> <!-- addCustomer -->
      </class> <!-- variousConcepts.LearnTestNG -->
    </test> <!-- Default test -->
  </suite> <!-- Default suite -->
</testng-results>
